<?xml version='1.0' encoding='utf-8'?>
<testsuites name="cocotb tests"><testsuite name="test_alu" errors="0" failures="0" skipped="0" tests="5" time="0.004" timestamp="2026-09-17T12:19:26.199295+00:00" hostname="Laptop24601"><testcase classname="test_alu" name="test_add" time="0.001"><properties><property name="cocotb" value="True" /><property name="random_seed" value="1789647566" /><property name="file" value="/home/tcowie1/RISCV/test/test_alu.py" /><property name="line" value="12" /><property name="sim_time_unit" value="ns" /><property name="sim_time_start" value="0.0" /><property name="sim_time_stop" value="1.0" /><property name="sim_time_duration" value="1.0" /><property name="sim_time_ratio" value="739.2141266358202" /></properties></testcase><testcase classname="test_alu" name="test_sub" time="0.001"><properties><property name="cocotb" value="True" /><property name="random_seed" value="1789647566" /><property name="file" value="/home/tcowie1/RISCV/test/test_alu.py" /><property name="line" value="102" /><property name="sim_time_unit" value="ns" /><property name="sim_time_start" value="1.001" /><property name="sim_time_stop" value="2.001" /><property name="sim_time_duration" value="1.0" /><property name="sim_time_ratio" value="1837.657648050856" /></properties></testcase><testcase classname="test_alu" name="test_XOR" time="0.001"><properties><property name="cocotb" value="True" /><property name="random_seed" value="1789647566" /><property name="file" value="/home/tcowie1/RISCV/test/test_alu.py" /><property name="line" value="139" /><property name="sim_time_unit" value="ns" /><property name="sim_time_start" value="2.002" /><property name="sim_time_stop" value="4.002" /><property name="sim_time_duration" value="2.0" /><property name="sim_time_ratio" value="2568.795556270857" /></properties></testcase><testcase classname="test_alu" name="test_OR" time="0.001"><properties><property name="cocotb" value="True" /><property name="random_seed" value="1789647566" /><property name="file" value="/home/tcowie1/RISCV/test/test_alu.py" /><property name="line" value="197" /><property name="sim_time_unit" value="ns" /><property name="sim_time_start" value="4.003" /><property name="sim_time_stop" value="6.003" /><property name="sim_time_duration" value="2.0" /><property name="sim_time_ratio" value="2747.0980343059946" /></properties></testcase><testcase classname="test_alu" name="test_AND" time="0.001"><properties><property name="cocotb" value="True" /><property name="random_seed" value="1789647566" /><property name="file" value="/home/tcowie1/RISCV/test/test_alu.py" /><property name="line" value="254" /><property name="sim_time_unit" value="ns" /><property name="sim_time_start" value="6.004" /><property name="sim_time_stop" value="8.004" /><property name="sim_time_duration" value="2.0" /><property name="sim_time_ratio" value="2932.044015904617" /></properties></testcase></testsuite></testsuites>