<?xml version='1.0' encoding='utf-8'?>
<testsuites name="cocotb tests"><testsuite name="test_alu" errors="0" failures="0" skipped="0" tests="1" time="0.002" timestamp="2026-09-16T15:53:28.539503+00:00" hostname="Laptop24601"><testcase classname="test_alu" name="test_add" time="0.002"><properties><property name="cocotb" value="True" /><property name="random_seed" value="1789574008" /><property name="file" value="/home/tcowie1/RISCV/test/test_alu.py" /><property name="line" value="10" /><property name="sim_time_unit" value="ns" /><property name="sim_time_start" value="0.0" /><property name="sim_time_stop" value="11.0" /><property name="sim_time_duration" value="11.0" /><property name="sim_time_ratio" value="6232.990295790509" /></properties></testcase></testsuite></testsuites>